<?xml version="1.0" encoding="UTF-8" ?>
<testsuite failures="0" time="0.296" errors="3" skipped="0" tests="3" name="org.unversAAL.ri.servicegateway.LoginServletTest">
  <properties>
    <property name="java.runtime.name" value="Java(TM) SE Runtime Environment"/>
    <property name="sun.boot.library.path" value="C:\Program Files\Java\jdk1.6.0_10\jre\bin"/>
    <property name="java.vm.version" value="11.0-b15"/>
    <property name="java.vm.vendor" value="Sun Microsystems Inc."/>
    <property name="java.vendor.url" value="http://java.sun.com/"/>
    <property name="path.separator" value=";"/>
    <property name="java.vm.name" value="Java HotSpot(TM) Client VM"/>
    <property name="file.encoding.pkg" value="sun.io"/>
    <property name="user.country" value="HR"/>
    <property name="sun.java.launcher" value="SUN_STANDARD"/>
    <property name="sun.os.patch.level" value="Service Pack 1"/>
    <property name="java.vm.specification.name" value="Java Virtual Machine Specification"/>
    <property name="user.dir" value="D:\_universAALsw\uaal\servicegateway"/>
    <property name="java.runtime.version" value="1.6.0_10-rc2-b32"/>
    <property name="java.awt.graphicsenv" value="sun.awt.Win32GraphicsEnvironment"/>
    <property name="basedir" value="D:\_universAALsw\uaal\servicegateway"/>
    <property name="java.endorsed.dirs" value="C:\Program Files\Java\jdk1.6.0_10\jre\lib\endorsed"/>
    <property name="os.arch" value="x86"/>
    <property name="surefire.real.class.path" value="D:\_universAALsw\uaal\servicegateway\target\surefire\surefirebooter8279.jar"/>
    <property name="java.io.tmpdir" value="C:\Users\eandgrg\AppData\Local\Temp\"/>
    <property name="line.separator" value="
"/>
    <property name="java.vm.specification.vendor" value="Sun Microsystems Inc."/>
    <property name="user.variant" value=""/>
    <property name="os.name" value="Windows Vista"/>
    <property name="sun.jnu.encoding" value="Cp1250"/>
    <property name="java.library.path" value="C:\Program Files\Java\jdk1.6.0_10\jre\bin;.;C:\Windows\Sun\Java\bin;C:\Windows\system32;C:\Windows;C:\Program Files\Common Files\Microsoft Shared\Windows Live;C:\oraclexe\app\oracle\product\10.2.0\server\bin;C:\Windows\system32;C:\Windows;C:\Windows\System32\Wbem;C:\Windows\System32\WindowsPowerShell\v1.0\;C:\Program Files\QuickTime\QTSystem\;C:\Program Files\Java\jdk1.6.0_10\bin;%ANT_HOME%\bin;%ORACLE_HOME%\jdbc\lib\;%GLASSFISH_HOME%\bin;%JMFHOME%\lib;%ANT_HOME%\bin;%AndroidSDK_Tools%;%Android8_Tools%;C:\apache-ant-1.8.1\bin;C:\Program Files\MySQL\MySQL Server 5.5\bin;D:\_universAALsw\SlikSVN\bin\;D:\_universAALsw\SlikSVN\bin;C:\Program Files\Java\jdk1.6.0_10\jre\bin;D:\_universAALsw\apache-maven-3.0.2\bin;C:\Program Files\Windows Live\Shared;C:\Program Files\TortoiseSVN\bin"/>
    <property name="surefire.test.class.path" value="D:\_universAALsw\uaal\servicegateway\target\test-classes;D:\_universAALsw\uaal\servicegateway\target\classes;C:\Users\eandgrg\.m2\repository\org\apache\felix\org.osgi.core\1.0.1\org.osgi.core-1.0.1.jar;C:\Users\eandgrg\.m2\repository\org\apache\felix\org.osgi.compendium\1.2.0\org.osgi.compendium-1.2.0.jar;C:\Users\eandgrg\.m2\repository\org\apache\felix\org.osgi.foundation\1.2.0\org.osgi.foundation-1.2.0.jar;C:\Users\eandgrg\.m2\repository\org\universAAL\ontology\ont.profile\0.3.0-SNAPSHOT\ont.profile-0.3.0-SNAPSHOT.jar;C:\Users\eandgrg\.m2\repository\org\universAAL\middleware\mw.data.representation\0.3.0-SNAPSHOT\mw.data.representation-0.3.0-SNAPSHOT.jar;C:\Users\eandgrg\.m2\repository\org\universAAL\middleware\mw.bus.service\0.3.0-SNAPSHOT\mw.bus.service-0.3.0-SNAPSHOT.jar;C:\Users\eandgrg\.m2\repository\org\universAAL\ontology\ont.phWorld\0.2.0-SNAPSHOT\ont.phWorld-0.2.0-SNAPSHOT.jar;C:\Users\eandgrg\.m2\repository\java3d\j3d-core\1.3.1\j3d-core-1.3.1.jar;C:\Users\eandgrg\.m2\repository\java3d\vecmath\1.3.1\vecmath-1.3.1.jar;C:\Users\eandgrg\.m2\repository\jp\go\ipa\jgcl\1.0\jgcl-1.0.jar;C:\Users\eandgrg\.m2\repository\org\ops4j\pax\logging\pax-logging-api\1.4\pax-logging-api-1.4.jar;C:\Users\eandgrg\.m2\repository\org\ops4j\pax\logging\pax-logging-service\1.4\pax-logging-service-1.4.jar;C:\Users\eandgrg\.m2\repository\log4j\log4j\1.2.15\log4j-1.2.15.jar;C:\Users\eandgrg\.m2\repository\javax\mail\mail\1.4\mail-1.4.jar;C:\Users\eandgrg\.m2\repository\javax\activation\activation\1.1\activation-1.1.jar;C:\Users\eandgrg\.m2\repository\javax\servlet\servlet-api\2.5\servlet-api-2.5.jar;C:\Users\eandgrg\.m2\repository\org\ops4j\pax\web\pax-web-api\1.0.3\pax-web-api-1.0.3.jar;C:\Users\eandgrg\.m2\repository\org\ops4j\pax\web\pax-web-runtime\1.0.3\pax-web-runtime-1.0.3.jar;C:\Users\eandgrg\.m2\repository\httpunit\httpunit\1.6.2\httpunit-1.6.2.jar;C:\Users\eandgrg\.m2\repository\jtidy\jtidy\4aug2000r7-dev\jtidy-4aug2000r7-dev.jar;C:\Users\eandgrg\.m2\repository\junit\junit\4.5\junit-4.5.jar;C:\Users\eandgrg\.m2\repository\org\universAAL\middleware\mw.bus.io\0.3.0-SNAPSHOT\mw.bus.io-0.3.0-SNAPSHOT.jar;C:\Users\eandgrg\.m2\repository\org\universAAL\middleware\mw.bus.model\0.3.0-SNAPSHOT\mw.bus.model-0.3.0-SNAPSHOT.jar;C:\Users\eandgrg\.m2\repository\org\universAAL\middleware\mw.acl.interfaces\0.3.0-SNAPSHOT\mw.acl.interfaces-0.3.0-SNAPSHOT.jar;C:\Users\eandgrg\.m2\repository\org\bouncycastle\jce.jdk13\144\jce.jdk13-144.jar;"/>
    <property name="java.specification.name" value="Java Platform API Specification"/>
    <property name="java.class.version" value="50.0"/>
    <property name="sun.management.compiler" value="HotSpot Client Compiler"/>
    <property name="os.version" value="6.1"/>
    <property name="user.home" value="C:\Users\eandgrg"/>
    <property name="user.timezone" value=""/>
    <property name="java.awt.printerjob" value="sun.awt.windows.WPrinterJob"/>
    <property name="java.specification.version" value="1.6"/>
    <property name="file.encoding" value="Cp1250"/>
    <property name="user.name" value="eandgrg"/>
    <property name="java.class.path" value="D:\_universAALsw\uaal\servicegateway\target\test-classes;D:\_universAALsw\uaal\servicegateway\target\classes;C:\Users\eandgrg\.m2\repository\org\apache\felix\org.osgi.core\1.0.1\org.osgi.core-1.0.1.jar;C:\Users\eandgrg\.m2\repository\org\apache\felix\org.osgi.compendium\1.2.0\org.osgi.compendium-1.2.0.jar;C:\Users\eandgrg\.m2\repository\org\apache\felix\org.osgi.foundation\1.2.0\org.osgi.foundation-1.2.0.jar;C:\Users\eandgrg\.m2\repository\org\universAAL\ontology\ont.profile\0.3.0-SNAPSHOT\ont.profile-0.3.0-SNAPSHOT.jar;C:\Users\eandgrg\.m2\repository\org\universAAL\middleware\mw.data.representation\0.3.0-SNAPSHOT\mw.data.representation-0.3.0-SNAPSHOT.jar;C:\Users\eandgrg\.m2\repository\org\universAAL\middleware\mw.bus.service\0.3.0-SNAPSHOT\mw.bus.service-0.3.0-SNAPSHOT.jar;C:\Users\eandgrg\.m2\repository\org\universAAL\ontology\ont.phWorld\0.2.0-SNAPSHOT\ont.phWorld-0.2.0-SNAPSHOT.jar;C:\Users\eandgrg\.m2\repository\java3d\j3d-core\1.3.1\j3d-core-1.3.1.jar;C:\Users\eandgrg\.m2\repository\java3d\vecmath\1.3.1\vecmath-1.3.1.jar;C:\Users\eandgrg\.m2\repository\jp\go\ipa\jgcl\1.0\jgcl-1.0.jar;C:\Users\eandgrg\.m2\repository\org\ops4j\pax\logging\pax-logging-api\1.4\pax-logging-api-1.4.jar;C:\Users\eandgrg\.m2\repository\org\ops4j\pax\logging\pax-logging-service\1.4\pax-logging-service-1.4.jar;C:\Users\eandgrg\.m2\repository\log4j\log4j\1.2.15\log4j-1.2.15.jar;C:\Users\eandgrg\.m2\repository\javax\mail\mail\1.4\mail-1.4.jar;C:\Users\eandgrg\.m2\repository\javax\activation\activation\1.1\activation-1.1.jar;C:\Users\eandgrg\.m2\repository\javax\servlet\servlet-api\2.5\servlet-api-2.5.jar;C:\Users\eandgrg\.m2\repository\org\ops4j\pax\web\pax-web-api\1.0.3\pax-web-api-1.0.3.jar;C:\Users\eandgrg\.m2\repository\org\ops4j\pax\web\pax-web-runtime\1.0.3\pax-web-runtime-1.0.3.jar;C:\Users\eandgrg\.m2\repository\httpunit\httpunit\1.6.2\httpunit-1.6.2.jar;C:\Users\eandgrg\.m2\repository\jtidy\jtidy\4aug2000r7-dev\jtidy-4aug2000r7-dev.jar;C:\Users\eandgrg\.m2\repository\junit\junit\4.5\junit-4.5.jar;C:\Users\eandgrg\.m2\repository\org\universAAL\middleware\mw.bus.io\0.3.0-SNAPSHOT\mw.bus.io-0.3.0-SNAPSHOT.jar;C:\Users\eandgrg\.m2\repository\org\universAAL\middleware\mw.bus.model\0.3.0-SNAPSHOT\mw.bus.model-0.3.0-SNAPSHOT.jar;C:\Users\eandgrg\.m2\repository\org\universAAL\middleware\mw.acl.interfaces\0.3.0-SNAPSHOT\mw.acl.interfaces-0.3.0-SNAPSHOT.jar;C:\Users\eandgrg\.m2\repository\org\bouncycastle\jce.jdk13\144\jce.jdk13-144.jar;"/>
    <property name="java.vm.specification.version" value="1.0"/>
    <property name="sun.arch.data.model" value="32"/>
    <property name="java.home" value="C:\Program Files\Java\jdk1.6.0_10\jre"/>
    <property name="java.specification.vendor" value="Sun Microsystems Inc."/>
    <property name="user.language" value="hr"/>
    <property name="awt.toolkit" value="sun.awt.windows.WToolkit"/>
    <property name="java.vm.info" value="mixed mode, sharing"/>
    <property name="java.version" value="1.6.0_10-rc2"/>
    <property name="java.ext.dirs" value="C:\Program Files\Java\jdk1.6.0_10\jre\lib\ext;C:\Windows\Sun\Java\lib\ext"/>
    <property name="sun.boot.class.path" value="C:\Program Files\Java\jdk1.6.0_10\jre\lib\resources.jar;C:\Program Files\Java\jdk1.6.0_10\jre\lib\rt.jar;C:\Program Files\Java\jdk1.6.0_10\jre\lib\sunrsasign.jar;C:\Program Files\Java\jdk1.6.0_10\jre\lib\jsse.jar;C:\Program Files\Java\jdk1.6.0_10\jre\lib\jce.jar;C:\Program Files\Java\jdk1.6.0_10\jre\lib\charsets.jar;C:\Program Files\Java\jdk1.6.0_10\jre\classes"/>
    <property name="java.vendor" value="Sun Microsystems Inc."/>
    <property name="localRepository" value="C:\Users\eandgrg\.m2\repository"/>
    <property name="file.separator" value="\"/>
    <property name="java.vendor.url.bug" value="http://java.sun.com/cgi-bin/bugreport.cgi"/>
    <property name="sun.cpu.endian" value="little"/>
    <property name="sun.io.unicode.encoding" value="UnicodeLittle"/>
    <property name="sun.desktop" value="windows"/>
    <property name="sun.cpu.isalist" value="pentium_pro+mmx pentium_pro pentium+mmx pentium i486 i386 i86"/>
  </properties>
  <testcase time="0.136" classname="org.unversAAL.ri.servicegateway.LoginServletTest" name="testWithAuthWithoutCookies">
    <error message="Basic authentication required: realm=&quot;XDB&quot;" type="com.meterware.httpunit.AuthorizationRequiredException">com.meterware.httpunit.AuthorizationRequiredException: Basic authentication required: realm=&quot;XDB&quot;
	at com.meterware.httpunit.WebClient.validateHeaders(WebClient.java:571)
	at com.meterware.httpunit.WebClient.updateClient(WebClient.java:464)
	at com.meterware.httpunit.WebWindow.updateWindow(WebWindow.java:139)
	at com.meterware.httpunit.WebWindow.getSubframeResponse(WebWindow.java:130)
	at com.meterware.httpunit.WebWindow.getResponse(WebWindow.java:121)
	at com.meterware.httpunit.WebClient.getResponse(WebClient.java:113)
	at org.unversAAL.ri.servicegateway.LoginServletTest.testWithAuthWithoutCookies(LoginServletTest.java:29)
	at sun.reflect.NativeMethodAccessorImpl.invoke0(Native Method)
	at sun.reflect.NativeMethodAccessorImpl.invoke(NativeMethodAccessorImpl.java:39)
	at sun.reflect.DelegatingMethodAccessorImpl.invoke(DelegatingMethodAccessorImpl.java:25)
	at java.lang.reflect.Method.invoke(Method.java:597)
	at junit.framework.TestCase.runTest(TestCase.java:168)
	at junit.framework.TestCase.runBare(TestCase.java:134)
	at junit.framework.TestResult$1.protect(TestResult.java:110)
	at junit.framework.TestResult.runProtected(TestResult.java:128)
	at junit.framework.TestResult.run(TestResult.java:113)
	at junit.framework.TestCase.run(TestCase.java:124)
	at junit.framework.TestSuite.runTest(TestSuite.java:232)
	at junit.framework.TestSuite.run(TestSuite.java:227)
	at org.junit.internal.runners.JUnit38ClassRunner.run(JUnit38ClassRunner.java:79)
	at org.apache.maven.surefire.junit4.JUnit4TestSet.execute(JUnit4TestSet.java:53)
	at org.apache.maven.surefire.junit4.JUnit4Provider.executeTestSet(JUnit4Provider.java:119)
	at org.apache.maven.surefire.junit4.JUnit4Provider.invoke(JUnit4Provider.java:101)
	at sun.reflect.NativeMethodAccessorImpl.invoke0(Native Method)
	at sun.reflect.NativeMethodAccessorImpl.invoke(NativeMethodAccessorImpl.java:39)
	at sun.reflect.DelegatingMethodAccessorImpl.invoke(DelegatingMethodAccessorImpl.java:25)
	at java.lang.reflect.Method.invoke(Method.java:597)
	at org.apache.maven.surefire.booter.ProviderFactory$ClassLoaderProxy.invoke(ProviderFactory.java:103)
	at $Proxy0.invoke(Unknown Source)
	at org.apache.maven.surefire.booter.SurefireStarter.invokeProvider(SurefireStarter.java:150)
	at org.apache.maven.surefire.booter.SurefireStarter.runSuitesInProcess(SurefireStarter.java:91)
	at org.apache.maven.surefire.booter.ForkedBooter.main(ForkedBooter.java:69)
</error>
  </testcase>
  <testcase time="0.095" classname="org.unversAAL.ri.servicegateway.LoginServletTest" name="testWithAuthAndCookies">
    <error message="Basic authentication required: realm=&quot;XDB&quot;" type="com.meterware.httpunit.AuthorizationRequiredException">com.meterware.httpunit.AuthorizationRequiredException: Basic authentication required: realm=&quot;XDB&quot;
	at com.meterware.httpunit.WebClient.validateHeaders(WebClient.java:571)
	at com.meterware.httpunit.WebClient.updateClient(WebClient.java:464)
	at com.meterware.httpunit.WebWindow.updateWindow(WebWindow.java:139)
	at com.meterware.httpunit.WebWindow.getSubframeResponse(WebWindow.java:130)
	at com.meterware.httpunit.WebWindow.getResponse(WebWindow.java:121)
	at com.meterware.httpunit.WebClient.getResponse(WebClient.java:113)
	at org.unversAAL.ri.servicegateway.LoginServletTest.testWithAuthAndCookies(LoginServletTest.java:60)
	at sun.reflect.NativeMethodAccessorImpl.invoke0(Native Method)
	at sun.reflect.NativeMethodAccessorImpl.invoke(NativeMethodAccessorImpl.java:39)
	at sun.reflect.DelegatingMethodAccessorImpl.invoke(DelegatingMethodAccessorImpl.java:25)
	at java.lang.reflect.Method.invoke(Method.java:597)
	at junit.framework.TestCase.runTest(TestCase.java:168)
	at junit.framework.TestCase.runBare(TestCase.java:134)
	at junit.framework.TestResult$1.protect(TestResult.java:110)
	at junit.framework.TestResult.runProtected(TestResult.java:128)
	at junit.framework.TestResult.run(TestResult.java:113)
	at junit.framework.TestCase.run(TestCase.java:124)
	at junit.framework.TestSuite.runTest(TestSuite.java:232)
	at junit.framework.TestSuite.run(TestSuite.java:227)
	at org.junit.internal.runners.JUnit38ClassRunner.run(JUnit38ClassRunner.java:79)
	at org.apache.maven.surefire.junit4.JUnit4TestSet.execute(JUnit4TestSet.java:53)
	at org.apache.maven.surefire.junit4.JUnit4Provider.executeTestSet(JUnit4Provider.java:119)
	at org.apache.maven.surefire.junit4.JUnit4Provider.invoke(JUnit4Provider.java:101)
	at sun.reflect.NativeMethodAccessorImpl.invoke0(Native Method)
	at sun.reflect.NativeMethodAccessorImpl.invoke(NativeMethodAccessorImpl.java:39)
	at sun.reflect.DelegatingMethodAccessorImpl.invoke(DelegatingMethodAccessorImpl.java:25)
	at java.lang.reflect.Method.invoke(Method.java:597)
	at org.apache.maven.surefire.booter.ProviderFactory$ClassLoaderProxy.invoke(ProviderFactory.java:103)
	at $Proxy0.invoke(Unknown Source)
	at org.apache.maven.surefire.booter.SurefireStarter.invokeProvider(SurefireStarter.java:150)
	at org.apache.maven.surefire.booter.SurefireStarter.runSuitesInProcess(SurefireStarter.java:91)
	at org.apache.maven.surefire.booter.ForkedBooter.main(ForkedBooter.java:69)
</error>
  </testcase>
  <testcase time="0.011" classname="org.unversAAL.ri.servicegateway.LoginServletTest" name="testWithoutAuth">
    <error message="Error on HTTP request: 404 Not found [http://localhost:8080/login]" type="com.meterware.httpunit.HttpNotFoundException">com.meterware.httpunit.HttpNotFoundException: Error on HTTP request: 404 Not found [http://localhost:8080/login]
	at com.meterware.httpunit.WebClient.validateHeaders(WebClient.java:575)
	at com.meterware.httpunit.WebClient.updateClient(WebClient.java:464)
	at com.meterware.httpunit.WebWindow.updateWindow(WebWindow.java:139)
	at com.meterware.httpunit.WebWindow.getSubframeResponse(WebWindow.java:130)
	at com.meterware.httpunit.WebWindow.getResponse(WebWindow.java:121)
	at com.meterware.httpunit.WebClient.getResponse(WebClient.java:113)
	at org.unversAAL.ri.servicegateway.LoginServletTest.testWithoutAuth(LoginServletTest.java:88)
	at sun.reflect.NativeMethodAccessorImpl.invoke0(Native Method)
	at sun.reflect.NativeMethodAccessorImpl.invoke(NativeMethodAccessorImpl.java:39)
	at sun.reflect.DelegatingMethodAccessorImpl.invoke(DelegatingMethodAccessorImpl.java:25)
	at java.lang.reflect.Method.invoke(Method.java:597)
	at junit.framework.TestCase.runTest(TestCase.java:168)
	at junit.framework.TestCase.runBare(TestCase.java:134)
	at junit.framework.TestResult$1.protect(TestResult.java:110)
	at junit.framework.TestResult.runProtected(TestResult.java:128)
	at junit.framework.TestResult.run(TestResult.java:113)
	at junit.framework.TestCase.run(TestCase.java:124)
	at junit.framework.TestSuite.runTest(TestSuite.java:232)
	at junit.framework.TestSuite.run(TestSuite.java:227)
	at org.junit.internal.runners.JUnit38ClassRunner.run(JUnit38ClassRunner.java:79)
	at org.apache.maven.surefire.junit4.JUnit4TestSet.execute(JUnit4TestSet.java:53)
	at org.apache.maven.surefire.junit4.JUnit4Provider.executeTestSet(JUnit4Provider.java:119)
	at org.apache.maven.surefire.junit4.JUnit4Provider.invoke(JUnit4Provider.java:101)
	at sun.reflect.NativeMethodAccessorImpl.invoke0(Native Method)
	at sun.reflect.NativeMethodAccessorImpl.invoke(NativeMethodAccessorImpl.java:39)
	at sun.reflect.DelegatingMethodAccessorImpl.invoke(DelegatingMethodAccessorImpl.java:25)
	at java.lang.reflect.Method.invoke(Method.java:597)
	at org.apache.maven.surefire.booter.ProviderFactory$ClassLoaderProxy.invoke(ProviderFactory.java:103)
	at $Proxy0.invoke(Unknown Source)
	at org.apache.maven.surefire.booter.SurefireStarter.invokeProvider(SurefireStarter.java:150)
	at org.apache.maven.surefire.booter.SurefireStarter.runSuitesInProcess(SurefireStarter.java:91)
	at org.apache.maven.surefire.booter.ForkedBooter.main(ForkedBooter.java:69)
</error>
  </testcase>
</testsuite>